            256
     6.98864412
   2.8297593594   0.9859333038  -1.8261153698
  -3.4685821533   2.1448187828  -1.6766173840
   2.8378310204  -3.4497547150   3.2712652683
  -0.6329922080  -3.0366914272  -2.6053614616
  -2.1964597702   3.3984732628  -3.4385666847
  -1.5998040438  -3.4721913338   0.3948106766
  -1.0604653358  -2.4932529926  -3.2820715904
  -1.5347776413   1.5485973358  -2.7869784832
  -2.4261679649   1.8440904617  -1.2969605923
   3.2136175632   0.4785503149  -0.3155460358
  -1.3243356943   2.9425606728  -0.6384320855
   3.2292263508   1.6278661489  -2.7243278027
   0.6433922648   3.1308457851  -3.2413167953
  -3.0747010708  -2.9582512379  -2.4589936733
   3.3043382168  -1.5294340849   1.4489842653
  -1.6350861788   1.7116295099  -2.1736905575
  -3.3137948513  -1.5590584278   2.1389949322
   0.1842658669   1.8782867193   0.1964075118
  -0.9232437611  -2.3425109386  -2.1185302734
   1.8153463602   1.3621317148   2.9940686226
   0.6700298786  -3.1149833202  -1.1598328352
   2.3889694214   0.2571662664  -3.1076440811
   1.1182607412   0.3518647254   2.3877329826
  -0.5764167905  -3.3050432205   2.4448282719
  -1.8918349743  -0.2053450495  -3.3893301487
  -2.5831568241   1.2195826769   1.3484804630
   0.6324408650   3.1448533535  -2.5107374191
  -1.1245176792  -0.4343503714  -1.5436128378
  -2.1901180744  -0.4820082188  -0.3905471861
   3.2407803535   3.1648600101  -1.9400563240
  -3.4941079617  -0.7657530308   0.5599088073
   0.4736610949   1.1876786947   2.3663468361
   0.1237508580   0.3893852234   1.5998282433
   2.6736979485  -1.4350084066  -1.2921543121
   1.6887381077  -1.1803780794   2.7725992203
  -1.5212782621  -2.8549780846  -2.7961432934
   2.4792206287   0.1749191582   2.1939156055
  -1.4970525503   0.1980028749  -1.8785364628
  -2.8193471432  -0.2364545614  -2.4823315144
   1.8317409754   1.2663215399  -3.1387426853
  -0.4869592786   1.0285067558   2.6198749542
  -2.7319836617   1.1608254910  -2.0807738304
   0.4270791411  -3.1349685192   0.9273836613
  -2.7056794167  -0.8768084049   1.7850153446
   1.4440964460  -0.9039235711  -0.7700119615
   0.6766676903   2.8051290512   2.2831795216
   2.8534893990   2.9809129238   1.0689456463
   0.7631244063  -1.0300474167   0.4211382866
  -0.6907907128   0.3897708952  -0.0101257060
   0.0245029777   3.2355735302  -3.4602079391
   3.2146592140   1.4390802383   2.5770831108
  -1.9852641821   1.8487410545  -2.0017852783
   2.6934022903  -1.1549177170   3.1222693920
  -2.3822667599   0.7546108961  -2.4833502769
  -3.3280959129   2.3074069023   0.5241521597
  -2.2631919384  -2.9964222908  -2.4984624386
   2.5538151264  -1.0387945175  -0.1060529128
  -1.2176123857  -0.3619895577   1.6648079157
  -1.8734787703  -3.3775918484  -1.8101488352
   1.0468647480   1.4108141661  -1.7026263475
  -3.2428636551   1.3208501339  -0.1841732264
   0.9580292702   0.7749201655  -1.2139685154
   1.4615434408   2.4612545967   0.7478384376
  -1.7751246691   0.5271710753  -0.5034087300
  -3.2966980934  -0.0482938737   1.8071416616
   1.7253841162   3.2201848030   0.6569454074
  -1.8500248194  -0.5952892303   2.9188995361
  -0.8729070425   2.7224268913  -0.3302265108
   3.2878465652  -2.9384939671  -0.1423355490
   3.2877418995  -2.3887631893   0.2579148412
   0.6219573021  -2.1929123402  -3.4931802750
   0.7464219332  -0.2247997820   0.4474349618
  -2.8227503300   1.4881885052  -1.7416142225
   3.2461128235  -2.7000663280   1.5108910799
   1.0062044859   0.6377136707   3.1257452965
   1.8917385340   2.1564674377   2.2253670692
   1.8747489452   2.0139973164  -0.3663707674
   2.8101377487   3.3243329525   1.8853433132
  -2.0499429703  -0.1234866604   1.0655819178
   0.9824994802   1.5636695623   3.4439568520
   0.9075538516  -2.7642993927  -3.2161941528
   0.4789398015   0.4797189236   2.2253930569
  -1.4094003439   1.3821520805  -0.2310351133
  -1.9917145967  -2.6419975758  -2.9791421890
  -1.4133356810   0.3035187721   2.8022377491
  -1.3299514055   3.3205759525  -2.9465489388
  -2.2912385464  -3.0827689171   1.1895531416
  -2.9108164310   2.3753411770   2.6944808960
  -1.1565455198  -0.3980354667  -2.4582064152
   2.3143186569   2.7185690403   2.5577845573
  -2.4169824123  -0.9583601356  -2.8410091400
   2.8795385361  -2.9452815056  -1.3770408630
   2.2487227917   2.9803001881   2.7521913052
   1.9829550982  -1.1635973454   1.1294801235
   0.6848753095   0.0781806707   1.8881971836
   2.3071370125  -1.4240536690  -3.1212086678
  -0.2352490276  -0.1674485952   2.8779411316
   2.2187991142  -2.5175879002   1.3908607960
  -2.8757090569  -0.0396040864  -2.6629149914
  -3.3850121498   0.2079510540  -1.1216379404
  -1.1572859287   1.9533308744   1.4964042902
  -1.8112800121  -2.0186541080  -0.5280145407
   1.5404742956  -2.5287566185   1.1175329685
   1.5055118799   2.4305624962  -1.8298358917
   2.4938042164   3.4355697632  -1.5540257692
  -2.6965594292   2.1772782803  -1.9232022762
  -2.6069295406   2.3276901245   1.3717029095
   2.4810361862   0.6078132391  -1.2814806700
   2.9861798286  -1.9127739668  -3.0144155025
   3.1028361320  -3.2859754562   1.3176010847
   0.7576448917   1.6514239311   0.0347422510
  -2.8908524513   2.0828516483  -1.4978843927
  -1.6754816771   2.8305788040   0.4905216694
  -0.8260846138  -2.3776464462  -1.4761126041
   2.0646865368  -1.7951315641   2.6301753521
   0.2573739290  -0.0405705497   1.4011926651
  -0.3029716015   1.8954677582   1.9896928072
  -1.1259807348  -2.4732704163  -0.4222429693
  -2.4670526981  -0.5740307570   3.3029787540
   0.0588675477   2.0941603184  -0.5726932883
  -2.6763930321   1.4904845953   1.6420665979
  -0.0307183079   1.3584513664   1.8799099922
  -2.9164674282   0.2709644139   0.5362445116
   1.1707743406   2.0369455814  -0.3514209390
  -2.7652130127   1.6908335686  -1.2770437002
  -0.8415642977  -0.7410863638   2.5947096348
   1.9155291319   0.2103111595   0.3412084281
   0.4230801463  -0.2879475355  -1.6423144341
   2.2942013741   1.1777312756   1.9232122898
   1.2719020844   0.9365788102   1.9298758507
   2.2454977036   1.4600183964  -1.9812182188
  -1.3999570608   0.4448425472  -0.5474636555
   3.4297001362   2.6819937229   3.4096763134
   0.4059553444   1.3910067081  -2.3203222752
   0.7780625820  -2.4108538628  -2.4550578594
  -2.3212642670   2.3364021778   1.7604862452
  -1.3399540186  -1.3154872656  -2.4323096275
   2.9540503025  -0.7835338712   1.8069475889
  -1.7555480003  -0.3699434102   2.1958494186
  -0.4370333552  -0.9928470850  -1.1184511185
  -2.5002267361   0.3760485947   2.5940587521
  -3.3742883205   1.6845616102   0.4937537313
   0.9458023906   0.6342575550   2.4866602421
  -1.3698204756  -3.3042366505  -2.4303579330
   1.9184081554  -1.1689276695  -1.3164694309
  -0.1996077001  -0.1111247167  -0.9937977195
   1.3834412098  -0.0075833499  -2.3112614155
  -1.2348201275  -0.9382815957   3.3065419197
   2.7221627235   1.6467297077  -0.9333312511
   1.5937478542  -0.1346934736  -1.7469121218
  -0.5163108110   0.6064734459   1.3632100821
   2.7781879902  -1.8347868919  -0.8007064462
   0.0149094574  -0.4236168861   3.3566071987
   1.0435388088  -0.4991617501  -0.3613334298
  -0.4428720176   1.6781669855  -1.2510730028
  -1.9200894833   0.0970159024  -1.4826012850
  -2.1687324047   2.4670166969  -2.8522675037
   2.2864317894  -1.6783624887   3.3338634968
   2.3309767246  -3.2245936394   1.5463999510
  -0.2934559286   1.8565133810  -0.7705512643
   0.6244240999  -3.4490482807   3.1354377270
   2.8057682514  -2.1615662575   2.3127224445
   1.5269671679   0.1518923640   0.9130345583
   0.9642176032  -0.1066700369  -2.7270429134
   2.3131330013  -0.0711671188   2.4401969910
  -1.2755101919  -1.1618137360  -1.3156148195
  -0.2475698590   1.8617187738  -3.2151956558
   0.0425619781  -0.8189935684   3.0885577202
  -1.3525999784  -2.1494288445   0.7982654572
   1.7630820274  -1.0664660931   3.1900570393
   1.7444335222  -2.2939708233  -3.1646850109
   1.6671648026  -1.9361058474   1.6650533676
   2.6744096279   0.3953823447   2.4439299107
  -2.4715042114   0.4755739272  -3.2735457420
   2.8117485046  -1.3439506292  -2.7659587860
   0.2882600129  -2.1232829094   2.3429539204
  -0.7074162364  -2.8514733315  -1.5386750698
   2.0143778324   0.5997170210   1.4286090136
   0.1179727763  -0.5373103023   2.8499352932
   2.7229549885   2.2942163944  -1.9428805113
   0.3427691162  -2.8120598793   0.1398371011
   2.5455923080  -1.1491289139  -3.3985021114
   1.1684741974  -1.9994066954  -0.9369758964
   2.6196572781  -1.7092988491  -2.6070191860
   0.9798334241  -1.9309841394   2.1195287704
   2.5552322865   0.6950737834   1.0173853636
   2.7180750370  -2.6344175339   0.5950737000
   2.1972460747  -3.1016683578   1.9888216257
   3.2752118111   0.9048488736  -2.0497355461
   1.9645364285  -2.9986577034   1.2433928251
   3.2947316170  -0.9856873155  -3.2166001797
   2.8688220978  -0.1942548752  -1.8873751163
   0.7624005079  -0.9554592967   1.9193818569
  -2.4576003551   0.7556004524  -1.6961688995
   1.7039134502  -1.5356676579   2.7926614285
  -2.1478819847  -3.0388479233   1.0504441261
  -3.3251478672  -3.2008278370  -0.7713798881
   2.8675906658  -2.1034662724   1.2476773262
  -1.3681575060  -1.6366164684  -0.9109739065
   2.7474060059   0.0146503597   2.6585066319
  -2.8034093380  -3.4190800190   0.7633739114
  -2.5119438171   2.2441086769  -2.3863308430
   1.7034533024  -3.0028579235   2.0361385345
  -3.3136854172  -0.0233079102  -2.7942965031
  -1.6339414120  -3.4236371517  -2.3282418251
   1.2672791481   0.2545492053   2.4186627865
   0.3682011068  -2.0564668179  -2.5208494663
  -2.1564757824   3.3079247475  -2.5071542263
  -1.4375886917   1.3509320021   0.5606058240
   1.5683156252  -2.6226754189  -1.1567144394
   0.4731988907  -1.1670804024  -2.6767854691
  -2.2765522003  -2.3877189159  -0.8863369226
  -3.3344404697   1.8356209993  -2.6092901230
   1.2933878899   2.1937265396   2.8491554260
   2.4127943516  -2.3152019978   1.1927458048
  -0.7292152643  -0.9400833249  -2.8695678711
  -0.5981056094  -2.0588881969  -3.2729318142
  -1.5365489721   2.7146997452   1.1759004593
  -3.3499522209  -3.0277206898  -2.8903937340
  -2.1515641212   2.6244189739  -1.7404313087
  -0.8131316900   1.2355070114  -2.2155082226
   0.2113542706   2.3083512783  -1.0531699657
  -1.9896547794   1.4366878271   1.7849411964
  -0.2099771053  -0.0390739776  -2.3713481426
  -0.2016872317  -1.4758884907  -1.3494889736
   3.3893258572   2.2752530575   2.0575640202
   1.6001943350   1.0355011225   0.5248095393
   0.7066183686   2.5606534481   2.3056466579
   1.2788056135   1.5502922535  -0.0655026510
   2.9338338375  -1.2724421024   0.9184978008
  -2.8907978535  -0.2233120203   1.4951875210
  -1.1644934416   1.2076987028  -1.8912376165
   0.2782831788   3.0237970352  -2.1410238743
  -1.0825901031  -0.4682161510   2.5667006969
  -1.0377359390   3.3955030441   0.9788846374
   0.5418826938  -1.6513750553  -0.8152452707
  -1.2900851965  -2.6492919922   1.6064405441
  -0.4087655246  -1.6984777451  -1.2056277990
   1.8283002377   3.3170561790  -2.5104415417
  -2.6129474640  -2.8175311089   2.5766973495
  -3.1905927658  -2.7902758121   2.7457103729
  -2.4938285351   0.1531804800  -3.2076628208
   0.4514054358   0.1681439131  -2.4910178185
  -0.3371575773   2.6300611496   3.0002722740
  -2.1055762768  -1.2908751965   1.4032627344
   1.8389946222  -1.1083036661  -0.1007417589
  -0.2905373275   1.6975605488   1.3713779449
   0.7494714260  -0.7064561248   2.8912560940
   0.6718175411  -3.3055334091   2.6073434353
  -0.6852704287   2.5157284737   2.0618736744
  -1.0842920542  -1.8792135715  -1.3076846600
  -3.1538486481   2.5952713490   2.0839231014
   3.1331350803  -3.1602461338   0.6520142555
  -1.2749412060   0.6739054322  -3.0565934181
   2.0973415375   0.6579289436   0.0436828248
  -2.2351546288  -3.1042535305   2.0470278263
